2025-01-14 10:42:40,567 - INFO - Starting asteroids!
Screen width: 1920
Screen height: 1080
2025-01-14 10:42:41,429 - DEBUG - Total Time: 0.0013s, Update: 0.0000s, Collision: 0.0000s, Render: 0.0013s
2025-01-14 10:42:41,446 - DEBUG - Total Time: 0.0171s, Update: 0.0000s, Collision: 0.0000s, Render: 0.0010s
2025-01-14 10:42:41,462 - DEBUG - Total Time: 0.0157s, Update: 0.0000s, Collision: 0.0000s, Render: 0.0010s
2025-01-14 10:42:41,478 - DEBUG - Total Time: 0.0160s, Update: 0.0000s, Collision: 0.0000s, Render: 0.0000s
2025-01-14 10:42:41,494 - DEBUG - Total Time: 0.0163s, Update: 0.0000s, Collision: 0.0000s, Render: 0.0000s
2025-01-14 10:42:41,510 - DEBUG - Total Time: 0.0160s, Update: 0.0000s, Collision: 0.0000s, Render: 0.0000s
2025-01-14 10:42:41,527 - DEBUG - Total Time: 0.0165s, Update: 0.0000s, Collision: 0.0000s, Render: 0.0000s
2025-01-14 10:42:41,543 - DEBUG - Total Time: 0.0164s, Update: 0.0000s, Collision: 0.0000s, Render: 0.0000s
2025-01-14 10:42:41,560 - DEBUG - Total Time: 0.0165s, Update: 0.0000s, Collision: 0.0000s, Render: 0.0005s
2025-01-14 10:42:41,577 - DEBUG - Total Time: 0.0155s, Update: 0.0000s, Collision: 0.0000s, Render: 0.0010s
2025-01-14 10:42:41,592 - DEBUG - Total Time: 0.0153s, Update: 0.0000s, Collision: 0.0000s, Render: 0.0010s
2025-01-14 10:42:41,608 - DEBUG - Total Time: 0.0144s, Update: 0.0000s, Collision: 0.0000s, Render: 0.0010s
2025-01-14 10:42:41,625 - DEBUG - Total Time: 0.0173s, Update: 0.0000s, Collision: 0.0000s, Render: 0.0010s
2025-01-14 10:42:41,643 - DEBUG - Total Time: 0.0166s, Update: 0.0000s, Collision: 0.0000s, Render: 0.0020s
2025-01-14 10:42:41,659 - DEBUG - Total Time: 0.0167s, Update: 0.0000s, Collision: 0.0000s, Render: 0.0015s
2025-01-14 10:42:41,675 - DEBUG - Total Time: 0.0155s, Update: 0.0000s, Collision: 0.0000s, Render: 0.0010s
2025-01-14 10:42:41,690 - DEBUG - Asteroid spawned at (1725.2260454613775,1140.0) with radius 20
2025-01-14 10:42:41,692 - DEBUG - Total Time: 0.0173s, Update: 0.0000s, Collision: 0.0000s, Render: 0.0020s
2025-01-14 10:42:41,707 - DEBUG - Asteroid at (1725.4208787167197,1138.8950457011204) is out of field
2025-01-14 10:42:41,707 - DEBUG - Killing asteroid...
2025-01-14 10:42:41,707 - DEBUG - Killed asteroid at (1725.4208787167197,1138.8950457011204)
2025-01-14 10:42:41,709 - DEBUG - Total Time: 0.0163s, Update: 0.0000s, Collision: 0.0000s, Render: 0.0015s
2025-01-14 10:42:41,726 - DEBUG - Total Time: 0.0172s, Update: 0.0000s, Collision: 0.0000s, Render: 0.0021s
2025-01-14 10:42:41,743 - DEBUG - Total Time: 0.0169s, Update: 0.0000s, Collision: 0.0000s, Render: 0.0020s
2025-01-14 10:42:41,757 - DEBUG - Total Time: 0.0145s, Update: 0.0000s, Collision: 0.0000s, Render: 0.0000s
2025-01-14 10:42:41,775 - DEBUG - Total Time: 0.0181s, Update: 0.0000s, Collision: 0.0000s, Render: 0.0010s
2025-01-14 10:42:41,793 - DEBUG - Total Time: 0.0166s, Update: 0.0000s, Collision: 0.0000s, Render: 0.0010s
2025-01-14 10:42:41,809 - DEBUG - Total Time: 0.0160s, Update: 0.0000s, Collision: 0.0000s, Render: 0.0010s
2025-01-14 10:42:41,826 - DEBUG - Total Time: 0.0172s, Update: 0.0000s, Collision: 0.0000s, Render: 0.0010s
2025-01-14 10:42:41,843 - DEBUG - Total Time: 0.0171s, Update: 0.0000s, Collision: 0.0000s, Render: 0.0010s
2025-01-14 10:42:41,860 - DEBUG - Total Time: 0.0171s, Update: 0.0000s, Collision: 0.0000s, Render: 0.0015s
2025-01-14 10:42:41,877 - DEBUG - Total Time: 0.0158s, Update: 0.0000s, Collision: 0.0000s, Render: 0.0010s
2025-01-14 10:42:41,895 - DEBUG - Total Time: 0.0166s, Update: 0.0000s, Collision: 0.0000s, Render: 0.0020s
2025-01-14 10:42:41,911 - DEBUG - Total Time: 0.0160s, Update: 0.0000s, Collision: 0.0000s, Render: 0.0020s
2025-01-14 10:42:41,927 - DEBUG - Total Time: 0.0165s, Update: 0.0000s, Collision: 0.0000s, Render: 0.0010s
2025-01-14 10:42:41,943 - DEBUG - Total Time: 0.0159s, Update: 0.0000s, Collision: 0.0000s, Render: 0.0000s
2025-01-14 10:42:41,959 - DEBUG - Total Time: 0.0160s, Update: 0.0000s, Collision: 0.0000s, Render: 0.0000s
2025-01-14 10:42:41,975 - DEBUG - Total Time: 0.0161s, Update: 0.0000s, Collision: 0.0000s, Render: 0.0000s
2025-01-14 10:42:41,991 - DEBUG - Total Time: 0.0160s, Update: 0.0000s, Collision: 0.0000s, Render: 0.0000s
2025-01-14 10:42:42,008 - DEBUG - Total Time: 0.0165s, Update: 0.0000s, Collision: 0.0000s, Render: 0.0000s
2025-01-14 10:42:42,024 - DEBUG - Total Time: 0.0165s, Update: 0.0000s, Collision: 0.0000s, Render: 0.0000s
2025-01-14 10:42:42,040 - DEBUG - Total Time: 0.0160s, Update: 0.0000s, Collision: 0.0000s, Render: 0.0000s
2025-01-14 10:42:42,057 - DEBUG - Total Time: 0.0165s, Update: 0.0000s, Collision: 0.0000s, Render: 0.0000s
2025-01-14 10:42:42,073 - DEBUG - Total Time: 0.0166s, Update: 0.0000s, Collision: 0.0000s, Render: 0.0000s
2025-01-14 10:42:42,090 - DEBUG - Total Time: 0.0168s, Update: 0.0000s, Collision: 0.0000s, Render: 0.0000s
2025-01-14 10:42:42,107 - DEBUG - Total Time: 0.0165s, Update: 0.0000s, Collision: 0.0000s, Render: 0.0000s
2025-01-14 10:42:42,123 - DEBUG - Total Time: 0.0152s, Update: 0.0000s, Collision: 0.0000s, Render: 0.0000s
2025-01-14 10:42:42,140 - DEBUG - Total Time: 0.0166s, Update: 0.0000s, Collision: 0.0000s, Render: 0.0005s
2025-01-14 10:42:42,155 - DEBUG - Total Time: 0.0155s, Update: 0.0000s, Collision: 0.0000s, Render: 0.0000s
2025-01-14 10:42:42,173 - DEBUG - Total Time: 0.0176s, Update: 0.0000s, Collision: 0.0000s, Render: 0.0010s
2025-01-14 10:42:42,189 - DEBUG - Total Time: 0.0160s, Update: 0.0000s, Collision: 0.0000s, Render: 0.0000s
2025-01-14 10:42:42,205 - DEBUG - Total Time: 0.0165s, Update: 0.0000s, Collision: 0.0000s, Render: 0.0000s
2025-01-14 10:42:42,223 - DEBUG - Total Time: 0.0177s, Update: 0.0000s, Collision: 0.0000s, Render: 0.0010s
2025-01-14 10:42:42,239 - DEBUG - Total Time: 0.0161s, Update: 0.0000s, Collision: 0.0000s, Render: 0.0000s
2025-01-14 10:42:42,255 - DEBUG - Total Time: 0.0159s, Update: 0.0000s, Collision: 0.0000s, Render: 0.0000s
2025-01-14 10:42:42,271 - DEBUG - Total Time: 0.0165s, Update: 0.0000s, Collision: 0.0000s, Render: 0.0000s
2025-01-14 10:42:42,289 - DEBUG - Total Time: 0.0175s, Update: 0.0000s, Collision: 0.0000s, Render: 0.0010s
2025-01-14 10:42:42,305 - DEBUG - Total Time: 0.0158s, Update: 0.0000s, Collision: 0.0000s, Render: 0.0000s
2025-01-14 10:42:42,321 - DEBUG - Total Time: 0.0167s, Update: 0.0000s, Collision: 0.0000s, Render: 0.0000s
2025-01-14 10:42:42,338 - DEBUG - Total Time: 0.0165s, Update: 0.0000s, Collision: 0.0000s, Render: 0.0000s
2025-01-14 10:42:42,354 - DEBUG - Total Time: 0.0162s, Update: 0.0000s, Collision: 0.0000s, Render: 0.0000s
2025-01-14 10:42:42,371 - DEBUG - Total Time: 0.0165s, Update: 0.0000s, Collision: 0.0000s, Render: 0.0000s
2025-01-14 10:42:42,389 - DEBUG - Total Time: 0.0180s, Update: 0.0000s, Collision: 0.0000s, Render: 0.0000s
2025-01-14 10:42:42,405 - DEBUG - Total Time: 0.0162s, Update: 0.0000s, Collision: 0.0000s, Render: 0.0000s
2025-01-14 10:42:42,421 - DEBUG - Total Time: 0.0164s, Update: 0.0000s, Collision: 0.0000s, Render: 0.0000s
2025-01-14 10:42:42,438 - DEBUG - Total Time: 0.0164s, Update: 0.0000s, Collision: 0.0000s, Render: 0.0000s
2025-01-14 10:42:42,455 - DEBUG - Total Time: 0.0174s, Update: 0.0000s, Collision: 0.0000s, Render: 0.0010s
2025-01-14 10:42:42,473 - DEBUG - Total Time: 0.0176s, Update: 0.0000s, Collision: 0.0000s, Render: 0.0021s
2025-01-14 10:42:42,492 - DEBUG - Total Time: 0.0190s, Update: 0.0000s, Collision: 0.0000s, Render: 0.0030s
2025-01-14 10:42:42,507 - DEBUG - Total Time: 0.0150s, Update: 0.0000s, Collision: 0.0000s, Render: 0.0010s
2025-01-14 10:42:42,523 - DEBUG - Total Time: 0.0165s, Update: 0.0000s, Collision: 0.0000s, Render: 0.0000s
2025-01-14 10:42:42,540 - DEBUG - Total Time: 0.0160s, Update: 0.0000s, Collision: 0.0000s, Render: 0.0010s
2025-01-14 10:42:42,557 - DEBUG - Total Time: 0.0170s, Update: 0.0000s, Collision: 0.0000s, Render: 0.0020s
2025-01-14 10:42:42,574 - DEBUG - Total Time: 0.0166s, Update: 0.0000s, Collision: 0.0000s, Render: 0.0030s
2025-01-14 10:42:42,590 - DEBUG - Total Time: 0.0159s, Update: 0.0000s, Collision: 0.0000s, Render: 0.0025s
2025-01-14 10:42:42,604 - DEBUG - Total Time: 0.0145s, Update: 0.0000s, Collision: 0.0000s, Render: 0.0010s
2025-01-14 10:42:42,622 - DEBUG - Total Time: 0.0181s, Update: 0.0000s, Collision: 0.0000s, Render: 0.0030s
2025-01-14 10:42:42,638 - DEBUG - Total Time: 0.0155s, Update: 0.0000s, Collision: 0.0000s, Render: 0.0030s
2025-01-14 10:42:42,653 - DEBUG - Total Time: 0.0152s, Update: 0.0000s, Collision: 0.0000s, Render: 0.0010s
2025-01-14 10:42:42,670 - DEBUG - Total Time: 0.0157s, Update: 0.0000s, Collision: 0.0000s, Render: 0.0010s
2025-01-14 10:42:42,687 - DEBUG - Total Time: 0.0173s, Update: 0.0000s, Collision: 0.0000s, Render: 0.0010s
2025-01-14 10:42:42,703 - DEBUG - Asteroid spawned at (1980.0,627.2509781546714) with radius 60
2025-01-14 10:42:42,705 - DEBUG - Total Time: 0.0180s, Update: 0.0000s, Collision: 0.0000s, Render: 0.0020s
2025-01-14 10:42:42,722 - DEBUG - Total Time: 0.0168s, Update: 0.0000s, Collision: 0.0000s, Render: 0.0020s
2025-01-14 10:42:42,740 - DEBUG - Total Time: 0.0181s, Update: 0.0000s, Collision: 0.0000s, Render: 0.0025s
2025-01-14 10:42:42,756 - DEBUG - Total Time: 0.0162s, Update: 0.0000s, Collision: 0.0000s, Render: 0.0020s
2025-01-14 10:42:42,771 - DEBUG - Total Time: 0.0146s, Update: 0.0000s, Collision: 0.0000s, Render: 0.0000s
2025-01-14 10:42:42,787 - DEBUG - Total Time: 0.0151s, Update: 0.0000s, Collision: 0.0000s, Render: 0.0010s
2025-01-14 10:42:42,805 - DEBUG - Total Time: 0.0177s, Update: 0.0000s, Collision: 0.0000s, Render: 0.0020s
2025-01-14 10:42:42,821 - DEBUG - Total Time: 0.0160s, Update: 0.0000s, Collision: 0.0000s, Render: 0.0010s
2025-01-14 10:42:42,839 - DEBUG - Total Time: 0.0181s, Update: 0.0000s, Collision: 0.0000s, Render: 0.0020s
2025-01-14 10:42:42,856 - DEBUG - Total Time: 0.0167s, Update: 0.0000s, Collision: 0.0000s, Render: 0.0020s
2025-01-14 10:42:42,873 - DEBUG - Total Time: 0.0168s, Update: 0.0000s, Collision: 0.0000s, Render: 0.0020s
2025-01-14 10:42:42,889 - DEBUG - Total Time: 0.0159s, Update: 0.0000s, Collision: 0.0000s, Render: 0.0015s
2025-01-14 10:42:42,905 - DEBUG - Total Time: 0.0161s, Update: 0.0000s, Collision: 0.0000s, Render: 0.0010s
2025-01-14 10:42:42,923 - DEBUG - Total Time: 0.0170s, Update: 0.0000s, Collision: 0.0000s, Render: 0.0020s
2025-01-14 10:42:42,937 - DEBUG - Total Time: 0.0145s, Update: 0.0000s, Collision: 0.0000s, Render: 0.0000s
2025-01-14 10:42:42,955 - DEBUG - Total Time: 0.0167s, Update: 0.0000s, Collision: 0.0000s, Render: 0.0020s
2025-01-14 10:42:42,971 - DEBUG - Total Time: 0.0151s, Update: 0.0000s, Collision: 0.0000s, Render: 0.0015s
2025-01-14 10:42:42,986 - DEBUG - Total Time: 0.0155s, Update: 0.0000s, Collision: 0.0000s, Render: 0.0000s
2025-01-14 10:42:43,003 - DEBUG - Total Time: 0.0173s, Update: 0.0000s, Collision: 0.0000s, Render: 0.0010s
2025-01-14 10:42:43,019 - DEBUG - Total Time: 0.0153s, Update: 0.0000s, Collision: 0.0000s, Render: 0.0010s
2025-01-14 10:42:43,035 - DEBUG - Total Time: 0.0161s, Update: 0.0000s, Collision: 0.0000s, Render: 0.0010s
2025-01-14 10:42:43,051 - DEBUG - Total Time: 0.0161s, Update: 0.0000s, Collision: 0.0000s, Render: 0.0010s
2025-01-14 10:42:43,067 - DEBUG - Total Time: 0.0165s, Update: 0.0000s, Collision: 0.0000s, Render: 0.0010s
2025-01-14 10:42:43,084 - DEBUG - Total Time: 0.0166s, Update: 0.0000s, Collision: 0.0000s, Render: 0.0020s
2025-01-14 10:42:43,100 - DEBUG - Total Time: 0.0163s, Update: 0.0000s, Collision: 0.0000s, Render: 0.0012s
2025-01-14 10:42:43,116 - DEBUG - Total Time: 0.0155s, Update: 0.0000s, Collision: 0.0000s, Render: 0.0010s
2025-01-14 10:42:43,133 - DEBUG - Total Time: 0.0174s, Update: 0.0000s, Collision: 0.0000s, Render: 0.0020s
2025-01-14 10:42:43,149 - DEBUG - Total Time: 0.0160s, Update: 0.0000s, Collision: 0.0000s, Render: 0.0015s
2025-01-14 10:42:43,166 - DEBUG - Total Time: 0.0165s, Update: 0.0000s, Collision: 0.0000s, Render: 0.0010s
2025-01-14 10:42:43,181 - DEBUG - Total Time: 0.0152s, Update: 0.0000s, Collision: 0.0000s, Render: 0.0000s
2025-01-14 10:42:43,199 - DEBUG - Total Time: 0.0183s, Update: 0.0000s, Collision: 0.0000s, Render: 0.0015s
2025-01-14 10:42:43,215 - DEBUG - Total Time: 0.0160s, Update: 0.0000s, Collision: 0.0000s, Render: 0.0010s
2025-01-14 10:42:43,233 - DEBUG - Total Time: 0.0176s, Update: 0.0000s, Collision: 0.0000s, Render: 0.0020s
2025-01-14 10:42:43,250 - DEBUG - Total Time: 0.0175s, Update: 0.0000s, Collision: 0.0000s, Render: 0.0022s
2025-01-14 10:42:43,266 - DEBUG - Total Time: 0.0154s, Update: 0.0000s, Collision: 0.0000s, Render: 0.0020s
2025-01-14 10:42:43,282 - DEBUG - Total Time: 0.0160s, Update: 0.0000s, Collision: 0.0000s, Render: 0.0010s
2025-01-14 10:42:43,299 - DEBUG - Total Time: 0.0176s, Update: 0.0000s, Collision: 0.0000s, Render: 0.0015s
2025-01-14 10:42:43,315 - DEBUG - Total Time: 0.0158s, Update: 0.0000s, Collision: 0.0000s, Render: 0.0010s
2025-01-14 10:42:43,331 - DEBUG - Total Time: 0.0162s, Update: 0.0000s, Collision: 0.0000s, Render: 0.0010s
2025-01-14 10:42:43,348 - DEBUG - Total Time: 0.0165s, Update: 0.0000s, Collision: 0.0000s, Render: 0.0010s
2025-01-14 10:42:43,364 - DEBUG - Total Time: 0.0166s, Update: 0.0000s, Collision: 0.0000s, Render: 0.0010s
2025-01-14 10:42:43,379 - DEBUG - Total Time: 0.0146s, Update: 0.0000s, Collision: 0.0000s, Render: 0.0000s
2025-01-14 10:42:43,396 - DEBUG - Total Time: 0.0173s, Update: 0.0000s, Collision: 0.0000s, Render: 0.0010s
2025-01-14 10:42:43,413 - DEBUG - Total Time: 0.0169s, Update: 0.0000s, Collision: 0.0000s, Render: 0.0010s
2025-01-14 10:42:43,429 - DEBUG - Total Time: 0.0156s, Update: 0.0000s, Collision: 0.0000s, Render: 0.0000s
2025-01-14 10:42:43,446 - DEBUG - Total Time: 0.0175s, Update: 0.0000s, Collision: 0.0000s, Render: 0.0010s
2025-01-14 10:42:43,463 - DEBUG - Total Time: 0.0171s, Update: 0.0000s, Collision: 0.0000s, Render: 0.0020s
2025-01-14 10:42:43,480 - DEBUG - Total Time: 0.0166s, Update: 0.0000s, Collision: 0.0000s, Render: 0.0025s
2025-01-14 10:42:43,496 - DEBUG - Total Time: 0.0161s, Update: 0.0000s, Collision: 0.0000s, Render: 0.0020s
2025-01-14 10:42:43,513 - DEBUG - Total Time: 0.0166s, Update: 0.0000s, Collision: 0.0000s, Render: 0.0020s
2025-01-14 10:42:43,528 - DEBUG - Total Time: 0.0155s, Update: 0.0000s, Collision: 0.0000s, Render: 0.0010s
2025-01-14 10:42:43,544 - DEBUG - Total Time: 0.0159s, Update: 0.0000s, Collision: 0.0000s, Render: 0.0010s
2025-01-14 10:42:43,561 - DEBUG - Total Time: 0.0172s, Update: 0.0000s, Collision: 0.0000s, Render: 0.0010s
2025-01-14 10:42:43,579 - DEBUG - Total Time: 0.0170s, Update: 0.0000s, Collision: 0.0000s, Render: 0.0020s
2025-01-14 10:42:43,594 - DEBUG - Total Time: 0.0153s, Update: 0.0000s, Collision: 0.0000s, Render: 0.0020s
2025-01-14 10:42:43,609 - DEBUG - Total Time: 0.0147s, Update: 0.0000s, Collision: 0.0000s, Render: 0.0010s
2025-01-14 10:42:43,625 - DEBUG - Total Time: 0.0145s, Update: 0.0000s, Collision: 0.0000s, Render: 0.0010s
2025-01-14 10:42:43,642 - DEBUG - Total Time: 0.0160s, Update: 0.0000s, Collision: 0.0000s, Render: 0.0010s
2025-01-14 10:42:43,659 - DEBUG - Total Time: 0.0169s, Update: 0.0000s, Collision: 0.0000s, Render: 0.0020s
2025-01-14 10:42:43,676 - DEBUG - Total Time: 0.0165s, Update: 0.0000s, Collision: 0.0000s, Render: 0.0020s
2025-01-14 10:42:43,692 - DEBUG - Total Time: 0.0154s, Update: 0.0000s, Collision: 0.0000s, Render: 0.0020s
2025-01-14 10:42:43,706 - DEBUG - Asteroid spawned at (1980.0,25.14188592659364) with radius 40
2025-01-14 10:42:43,708 - DEBUG - Total Time: 0.0161s, Update: 0.0000s, Collision: 0.0000s, Render: 0.0021s
2025-01-14 10:42:43,723 - DEBUG - Asteroid at (1979.281863557007,25.492144472878113) is out of field
2025-01-14 10:42:43,723 - DEBUG - Killing asteroid...
2025-01-14 10:42:43,723 - DEBUG - Killed asteroid at (1979.281863557007,25.492144472878113)
2025-01-14 10:42:43,725 - DEBUG - Total Time: 0.0167s, Update: 0.0000s, Collision: 0.0000s, Render: 0.0020s
2025-01-14 10:42:43,741 - DEBUG - Total Time: 0.0163s, Update: 0.0000s, Collision: 0.0000s, Render: 0.0025s
2025-01-14 10:42:43,757 - DEBUG - Total Time: 0.0160s, Update: 0.0000s, Collision: 0.0000s, Render: 0.0020s
2025-01-14 10:42:43,773 - DEBUG - Total Time: 0.0156s, Update: 0.0000s, Collision: 0.0000s, Render: 0.0020s
2025-01-14 10:42:43,790 - DEBUG - Total Time: 0.0166s, Update: 0.0000s, Collision: 0.0000s, Render: 0.0015s
2025-01-14 10:42:43,807 - DEBUG - Total Time: 0.0167s, Update: 0.0000s, Collision: 0.0000s, Render: 0.0030s
2025-01-14 10:42:43,823 - DEBUG - Total Time: 0.0157s, Update: 0.0000s, Collision: 0.0000s, Render: 0.0020s
2025-01-14 10:42:43,841 - DEBUG - Total Time: 0.0178s, Update: 0.0000s, Collision: 0.0000s, Render: 0.0024s
2025-01-14 10:42:43,855 - DEBUG - Total Time: 0.0145s, Update: 0.0000s, Collision: 0.0000s, Render: 0.0010s
2025-01-14 10:42:43,871 - DEBUG - Total Time: 0.0161s, Update: 0.0000s, Collision: 0.0000s, Render: 0.0010s
2025-01-14 10:42:43,887 - DEBUG - Total Time: 0.0158s, Update: 0.0000s, Collision: 0.0000s, Render: 0.0010s
2025-01-14 10:42:43,904 - DEBUG - Total Time: 0.0168s, Update: 0.0000s, Collision: 0.0000s, Render: 0.0010s
2025-01-14 10:42:43,920 - DEBUG - Total Time: 0.0165s, Update: 0.0000s, Collision: 0.0000s, Render: 0.0000s
2025-01-14 10:42:43,938 - DEBUG - Total Time: 0.0169s, Update: 0.0000s, Collision: 0.0000s, Render: 0.0010s
2025-01-14 10:42:43,955 - DEBUG - Total Time: 0.0170s, Update: 0.0000s, Collision: 0.0000s, Render: 0.0010s
2025-01-14 10:42:43,972 - DEBUG - Total Time: 0.0173s, Update: 0.0000s, Collision: 0.0000s, Render: 0.0020s
2025-01-14 10:42:43,988 - DEBUG - Total Time: 0.0155s, Update: 0.0000s, Collision: 0.0000s, Render: 0.0020s
2025-01-14 10:42:44,004 - DEBUG - Total Time: 0.0162s, Update: 0.0000s, Collision: 0.0000s, Render: 0.0010s
2025-01-14 10:42:44,021 - DEBUG - Total Time: 0.0158s, Update: 0.0000s, Collision: 0.0000s, Render: 0.0010s
